\BOOKMARK [0][-]{chapter*.1}{Acknowledgements}{}% 1
\BOOKMARK [0][-]{chapter*.1}{Abstract}{}% 2
\BOOKMARK [0][-]{chapter*.2}{Contents}{}% 3
\BOOKMARK [0][-]{chapter*.3}{List\040of\040Tables}{}% 4
\BOOKMARK [0][-]{chapter*.4}{List\040of\040Figures}{}% 5
\BOOKMARK [-1][-]{part.1}{I\040Introduction}{}% 6
\BOOKMARK [0][-]{chapter.1}{Introduction}{part.1}% 7
\BOOKMARK [0][-]{chapter.2}{Germanic\040Languages}{part.1}% 8
\BOOKMARK [0][-]{chapter.3}{Ditransitives}{part.1}% 9
\BOOKMARK [-1][-]{part.2}{II\040Case\040and\040Scrambling}{}% 10
\BOOKMARK [0][-]{chapter.4}{Germanic\040Word\040Orders}{part.2}% 11
\BOOKMARK [0][-]{chapter.5}{Germanic\040Recipient\040Marking}{part.2}% 12
\BOOKMARK [0][-]{chapter.6}{English\040Dative\040Shift}{part.2}% 13
\BOOKMARK [-1][-]{part.3}{III\040Passive\040Locality}{}% 14
\BOOKMARK [0][-]{chapter.7}{Locality}{part.3}% 15
\BOOKMARK [0][-]{chapter.8}{Ditransitive\040Passives}{part.3}% 16
\BOOKMARK [-1][-]{part.4}{IV\040Conclusions}{}% 17
\BOOKMARK [0][-]{chapter.9}{Formal\040Implementation}{part.4}% 18
\BOOKMARK [0][-]{chapter.10}{Historical\040Implications}{part.4}% 19
\BOOKMARK [0][-]{chapter.11}{Conclusions\040and\040Further\040Implications}{part.4}% 20
